app/build/intermediates/manifest_merge_blame_file/debug/manifest-merger-blame-debug-report.txt
1<?xml version="1.0" encoding="utf-8"?>
2<manifest xmlns:android="http://schemas.android.com/apk/res/android"
3    package="com.example.android.sunshine"
4    android:versionCode="1"
5    android:versionName="1.0" >
6
7    <uses-sdk
8        android:minSdkVersion="14"
8-->src/main/AndroidManifest.xml
9        android:targetSdkVersion="26" />
9-->src/main/AndroidManifest.xml
10
11    <uses-permission android:name="android.permission.INTERNET" />
11-->src/main/AndroidManifest.xml:8:5-66
11-->src/main/AndroidManifest.xml:8:22-64
12
13    <application
13-->src/main/AndroidManifest.xml:10:5-63:19
14        android:allowBackup="true"
14-->src/main/AndroidManifest.xml:11:9-35
15        android:appComponentFactory="android.support.v4.app.CoreComponentFactory"
15-->[com.android.support:support-compat:28.0.0] AndroidManifest.xml:22:18-91
16        android:debuggable="true"
17        android:icon="@mipmap/ic_launcher"
17-->src/main/AndroidManifest.xml:12:9-43
18        android:label="@string/app_name"
18-->src/main/AndroidManifest.xml:13:9-41
19        android:supportsRtl="true"
19-->src/main/AndroidManifest.xml:14:9-35
20        android:theme="@style/AppTheme" >
20-->src/main/AndroidManifest.xml:15:9-40
21
22        <!-- The manifest entry for our MainActivity. Each Activity requires a manifest entry -->
23        <activity
23-->src/main/AndroidManifest.xml:18:9-27:20
24            android:name="com.example.android.sunshine.MainActivity"
24-->src/main/AndroidManifest.xml:19:13-41
25            android:label="@string/app_name"
25-->src/main/AndroidManifest.xml:20:13-45
26            android:launchMode="singleTop"
26-->src/main/AndroidManifest.xml:21:13-43
27            android:theme="@style/AppTheme.Forecast" >
27-->src/main/AndroidManifest.xml:22:13-53
28            <intent-filter>
28-->src/main/AndroidManifest.xml:23:13-26:29
29                <action android:name="android.intent.action.MAIN" />
29-->src/main/AndroidManifest.xml:24:17-68
29-->src/main/AndroidManifest.xml:24:25-66
30
31                <category android:name="android.intent.category.LAUNCHER" />
31-->src/main/AndroidManifest.xml:25:17-76
31-->src/main/AndroidManifest.xml:25:27-74
32            </intent-filter>
33        </activity>
34
35        <!-- The manifest entry for our DetailActivity. Each Activity requires a manifest entry -->
36        <activity
36-->src/main/AndroidManifest.xml:30:9-38:20
37            android:name="com.example.android.sunshine.DetailActivity"
37-->src/main/AndroidManifest.xml:31:13-43
38            android:label="@string/title_activity_detail"
38-->src/main/AndroidManifest.xml:32:13-58
39            android:parentActivityName="com.example.android.sunshine.MainActivity"
39-->src/main/AndroidManifest.xml:33:13-55
40            android:theme="@style/AppTheme" >
40-->src/main/AndroidManifest.xml:34:13-44
41            <meta-data
41-->src/main/AndroidManifest.xml:35:13-37:48
42                android:name="android.support.PARENT_ACTIVITY"
42-->src/main/AndroidManifest.xml:36:17-63
43                android:value=".MainActivity" />
43-->src/main/AndroidManifest.xml:37:17-46
44        </activity>
45
46        <!-- The manifest entry for our SettingsActivity. Each Activity requires a manifest entry -->
47        <activity android:name="com.example.android.sunshine.SettingsActivity" />
47-->src/main/AndroidManifest.xml:41:9-53
47-->src/main/AndroidManifest.xml:41:19-51
48
49        <!-- Our ContentProvider -->
50        <provider
50-->src/main/AndroidManifest.xml:44:9-47:39
51            android:name="com.example.android.sunshine.data.WeatherProvider"
51-->src/main/AndroidManifest.xml:45:13-49
52            android:authorities="@string/content_authority"
52-->src/main/AndroidManifest.xml:46:13-60
53            android:exported="false" />
53-->src/main/AndroidManifest.xml:47:13-37
54
55        <!-- This is required for immediate syncs -->
56        <service
56-->src/main/AndroidManifest.xml:50:9-52:40
57            android:name="com.example.android.sunshine.sync.SunshineSyncIntentService"
57-->src/main/AndroidManifest.xml:51:13-59
58            android:exported="false" />
58-->src/main/AndroidManifest.xml:52:13-37
59
60        <!-- This is the Service declaration used in conjunction with FirebaseJobDispatcher -->
61        <service
61-->src/main/AndroidManifest.xml:55:9-61:19
62            android:name="com.example.android.sunshine.sync.SunshineFirebaseJobService"
62-->src/main/AndroidManifest.xml:56:13-60
63            android:exported="false" >
63-->src/main/AndroidManifest.xml:57:13-37
64            <intent-filter>
64-->src/main/AndroidManifest.xml:58:13-60:29
65                <action android:name="com.firebase.jobdispatcher.ACTION_EXECUTE" />
65-->src/main/AndroidManifest.xml:59:17-83
65-->src/main/AndroidManifest.xml:59:25-81
66            </intent-filter>
67        </service>
68
69        <!--
70             Receives GooglePlay execution requests and forwards them to the
71             appropriate internal service.
72        -->
73        <service
73-->[com.firebase:firebase-jobdispatcher:0.8.5] AndroidManifest.xml:32:9-39:19
74            android:name="com.firebase.jobdispatcher.GooglePlayReceiver"
74-->[com.firebase:firebase-jobdispatcher:0.8.5] AndroidManifest.xml:33:13-73
75            android:exported="true"
75-->[com.firebase:firebase-jobdispatcher:0.8.5] AndroidManifest.xml:34:13-36
76            android:permission="com.google.android.gms.permission.BIND_NETWORK_TASK_SERVICE" >
76-->[com.firebase:firebase-jobdispatcher:0.8.5] AndroidManifest.xml:35:13-93
77            <intent-filter>
77-->[com.firebase:firebase-jobdispatcher:0.8.5] AndroidManifest.xml:36:13-38:29
78                <action android:name="com.google.android.gms.gcm.ACTION_TASK_READY" />
78-->[com.firebase:firebase-jobdispatcher:0.8.5] AndroidManifest.xml:37:17-87
78-->[com.firebase:firebase-jobdispatcher:0.8.5] AndroidManifest.xml:37:25-84
79            </intent-filter>
80        </service>
81    </application>
82
83</manifest>